This is pdfTeX, Version 3.14159265-2.6-1.40.18 (MiKTeX 2.9.6350 64-bit) (preloaded format=pdflatex 2017.6.9)  9 JUN 2017 15:49
entering extended mode
**./TI0118_HW2_assignment.tex
(TI0118_HW2_assignment.tex
LaTeX2e <2017-04-15>
Babel <3.10> and hyphenation patterns for 75 language(s) loaded.
("C:\Program Files\MiKTeX 2.9\tex\latex\base\article.cls"
Document Class: article 2014/09/29 v1.4h Standard LaTeX document class
("C:\Program Files\MiKTeX 2.9\tex\latex\base\size11.clo"
File: size11.clo 2014/09/29 v1.4h Standard LaTeX file (size option)
)
\c@part=\count79
\c@section=\count80
\c@subsection=\count81
\c@subsubsection=\count82
\c@paragraph=\count83
\c@subparagraph=\count84
\c@figure=\count85
\c@table=\count86
\abovecaptionskip=\skip41
\belowcaptionskip=\skip42
\bibindent=\dimen102
)
("C:\Program Files\MiKTeX 2.9\tex\generic\babel\babel.sty"
Package: babel 2017/05/19 3.10 The Babel package

*************************************
* Local config file bblopts.cfg used
*
("C:\Program Files\MiKTeX 2.9\tex\latex\arabi\bblopts.cfg"
File: bblopts.cfg 2005/09/08 v0.1 add Arabic and Farsi to "declared" options of
 babel
)
("C:\Program Files\MiKTeX 2.9\tex\latex\babel-english\english.ldf"
Language: english 2017/01/24 v3.3q English support from the babel system

("C:\Program Files\MiKTeX 2.9\tex\generic\babel\babel.def"
File: babel.def 2017/05/19 3.10 Babel common definitions
\babel@savecnt=\count87
\U@D=\dimen103
)
\l@canadian = a dialect from \language\l@american 
\l@australian = a dialect from \language\l@british 
\l@newzealand = a dialect from \language\l@british 
))
("C:\Program Files\MiKTeX 2.9\tex\latex\base\fontenc.sty"
Package: fontenc 2017/04/05 v2.0i Standard LaTeX package

("C:\Program Files\MiKTeX 2.9\tex\latex\base\t1enc.def"
File: t1enc.def 2017/04/05 v2.0i Standard LaTeX file
LaTeX Font Info:    Redeclaring font encoding T1 on input line 48.
))
("C:\Program Files\MiKTeX 2.9\tex\latex\amsmath\amsmath.sty"
Package: amsmath 2016/11/05 v2.16a AMS math features
\@mathmargin=\skip43

For additional information on amsmath, use the `?' option.
("C:\Program Files\MiKTeX 2.9\tex\latex\amsmath\amstext.sty"
Package: amstext 2000/06/29 v2.01 AMS text

("C:\Program Files\MiKTeX 2.9\tex\latex\amsmath\amsgen.sty"
File: amsgen.sty 1999/11/30 v2.0 generic functions
\@emptytoks=\toks14
\ex@=\dimen104
))
("C:\Program Files\MiKTeX 2.9\tex\latex\amsmath\amsbsy.sty"
Package: amsbsy 1999/11/29 v1.2d Bold Symbols
\pmbraise@=\dimen105
)
("C:\Program Files\MiKTeX 2.9\tex\latex\amsmath\amsopn.sty"
Package: amsopn 2016/03/08 v2.02 operator names
)
\inf@bad=\count88
LaTeX Info: Redefining \frac on input line 213.
\uproot@=\count89
\leftroot@=\count90
LaTeX Info: Redefining \overline on input line 375.
\classnum@=\count91
\DOTSCASE@=\count92
LaTeX Info: Redefining \ldots on input line 472.
LaTeX Info: Redefining \dots on input line 475.
LaTeX Info: Redefining \cdots on input line 596.
\Mathstrutbox@=\box26
\strutbox@=\box27
\big@size=\dimen106
LaTeX Font Info:    Redeclaring font encoding OML on input line 712.
LaTeX Font Info:    Redeclaring font encoding OMS on input line 713.
\macc@depth=\count93
\c@MaxMatrixCols=\count94
\dotsspace@=\muskip10
\c@parentequation=\count95
\dspbrk@lvl=\count96
\tag@help=\toks15
\row@=\count97
\column@=\count98
\maxfields@=\count99
\andhelp@=\toks16
\eqnshift@=\dimen107
\alignsep@=\dimen108
\tagshift@=\dimen109
\tagwidth@=\dimen110
\totwidth@=\dimen111
\lineht@=\dimen112
\@envbody=\toks17
\multlinegap=\skip44
\multlinetaggap=\skip45
\mathdisplay@stack=\toks18
LaTeX Info: Redefining \[ on input line 2817.
LaTeX Info: Redefining \] on input line 2818.
)
("C:\Program Files\MiKTeX 2.9\tex\latex\amsfonts\amssymb.sty"
Package: amssymb 2013/01/14 v3.01 AMS font symbols

("C:\Program Files\MiKTeX 2.9\tex\latex\amsfonts\amsfonts.sty"
Package: amsfonts 2013/01/14 v3.01 Basic AMSFonts support
\symAMSa=\mathgroup4
\symAMSb=\mathgroup5
LaTeX Font Info:    Overwriting math alphabet `\mathfrak' in version `bold'
(Font)                  U/euf/m/n --> U/euf/b/n on input line 106.
))
("C:\Program Files\MiKTeX 2.9\tex\latex\graphics\graphicx.sty"
Package: graphicx 2014/10/28 v1.0g Enhanced LaTeX Graphics (DPC,SPQR)

("C:\Program Files\MiKTeX 2.9\tex\latex\graphics\keyval.sty"
Package: keyval 2014/10/28 v1.15 key=value parser (DPC)
\KV@toks@=\toks19
)
("C:\Program Files\MiKTeX 2.9\tex\latex\graphics\graphics.sty"
Package: graphics 2017/04/14 v1.1b Standard LaTeX Graphics (DPC,SPQR)

("C:\Program Files\MiKTeX 2.9\tex\latex\graphics\trig.sty"
Package: trig 2016/01/03 v1.10 sin cos tan (DPC)
)
("C:\Program Files\MiKTeX 2.9\tex\latex\graphics-cfg\graphics.cfg"
File: graphics.cfg 2016/06/04 v1.11 sample graphics configuration
)
Package graphics Info: Driver file: pdftex.def on input line 99.

("C:\Program Files\MiKTeX 2.9\tex\latex\graphics-def\pdftex.def"
File: pdftex.def 2017/01/12 v0.06k Graphics/color for pdfTeX

("C:\Program Files\MiKTeX 2.9\tex\generic\oberdiek\infwarerr.sty"
Package: infwarerr 2016/05/16 v1.4 Providing info/warning/error messages (HO)
)
("C:\Program Files\MiKTeX 2.9\tex\generic\oberdiek\ltxcmds.sty"
Package: ltxcmds 2016/05/16 v1.23 LaTeX kernel commands for general use (HO)
)
\Gread@gobject=\count100
))
\Gin@req@height=\dimen113
\Gin@req@width=\dimen114
)
("C:\Program Files\MiKTeX 2.9\tex\latex\graphics\color.sty"
Package: color 2016/07/10 v1.1e Standard LaTeX Color (DPC)

("C:\Program Files\MiKTeX 2.9\tex\latex\graphics-cfg\color.cfg"
File: color.cfg 2016/01/02 v1.6 sample color configuration
)
Package color Info: Driver file: pdftex.def on input line 147.
)
("C:\Program Files\MiKTeX 2.9\tex\latex\listings\listings.sty"
\lst@mode=\count101
\lst@gtempboxa=\box28
\lst@token=\toks20
\lst@length=\count102
\lst@currlwidth=\dimen115
\lst@column=\count103
\lst@pos=\count104
\lst@lostspace=\dimen116
\lst@width=\dimen117
\lst@newlines=\count105
\lst@lineno=\count106
\lst@maxwidth=\dimen118

("C:\Program Files\MiKTeX 2.9\tex\latex\listings\lstmisc.sty"
File: lstmisc.sty 2015/06/04 1.6 (Carsten Heinz)
\c@lstnumber=\count107
\lst@skipnumbers=\count108
\lst@framebox=\box29
)
("C:\Program Files\MiKTeX 2.9\tex\latex\listings\listings.cfg"
File: listings.cfg 2015/06/04 1.6 listings configuration
))
Package: listings 2015/06/04 1.6 (Carsten Heinz)

("C:\Program Files\MiKTeX 2.9\tex\latex\listings\lstlang1.sty"
File: lstlang1.sty 2015/06/04 1.6 listings language file
)
("C:\Program Files\MiKTeX 2.9\tex\latex\listings\lstlang2.sty"
File: lstlang2.sty 2015/06/04 1.6 listings language file
)
("C:\Program Files\MiKTeX 2.9\tex\latex\listings\lstlang3.sty"
File: lstlang3.sty 2015/06/04 1.6 listings language file
)
(TI0118_HW2_assignment.aux)
\openout1 = `TI0118_HW2_assignment.aux'.

LaTeX Font Info:    Checking defaults for OML/cmm/m/it on input line 19.
LaTeX Font Info:    ... okay on input line 19.
LaTeX Font Info:    Checking defaults for T1/cmr/m/n on input line 19.
LaTeX Font Info:    ... okay on input line 19.
LaTeX Font Info:    Checking defaults for OT1/cmr/m/n on input line 19.
LaTeX Font Info:    ... okay on input line 19.
LaTeX Font Info:    Checking defaults for OMS/cmsy/m/n on input line 19.
LaTeX Font Info:    ... okay on input line 19.
LaTeX Font Info:    Checking defaults for OMX/cmex/m/n on input line 19.
LaTeX Font Info:    ... okay on input line 19.
LaTeX Font Info:    Checking defaults for U/cmr/m/n on input line 19.
LaTeX Font Info:    ... okay on input line 19.

("C:\Program Files\MiKTeX 2.9\tex\context\base\supp-pdf.mkii"
[Loading MPS to PDF converter (version 2006.09.02).]
\scratchcounter=\count109
\scratchdimen=\dimen119
\scratchbox=\box30
\nofMPsegments=\count110
\nofMParguments=\count111
\everyMPshowfont=\toks21
\MPscratchCnt=\count112
\MPscratchDim=\dimen120
\MPnumerator=\count113
\makeMPintoPDFobject=\count114
\everyMPtoPDFconversion=\toks22
) ("C:\Program Files\MiKTeX 2.9\tex\generic\oberdiek\pdftexcmds.sty"
Package: pdftexcmds 2017/03/19 v0.25 Utility functions of pdfTeX for LuaTeX (HO
)

("C:\Program Files\MiKTeX 2.9\tex\generic\oberdiek\ifluatex.sty"
Package: ifluatex 2016/05/16 v1.4 Provides the ifluatex switch (HO)
Package ifluatex Info: LuaTeX not detected.
)
("C:\Program Files\MiKTeX 2.9\tex\generic\oberdiek\ifpdf.sty"
Package: ifpdf 2017/03/15 v3.2 Provides the ifpdf switch
)
Package pdftexcmds Info: LuaTeX not detected.
Package pdftexcmds Info: \pdf@primitive is available.
Package pdftexcmds Info: \pdf@ifprimitive is available.
Package pdftexcmds Info: \pdfdraftmode found.
)
("C:\Program Files\MiKTeX 2.9\tex\latex\oberdiek\epstopdf-base.sty"
Package: epstopdf-base 2016/05/15 v2.6 Base part for package epstopdf

("C:\Program Files\MiKTeX 2.9\tex\latex\oberdiek\grfext.sty"
Package: grfext 2016/05/16 v1.2 Manage graphics extensions (HO)

("C:\Program Files\MiKTeX 2.9\tex\generic\oberdiek\kvdefinekeys.sty"
Package: kvdefinekeys 2016/05/16 v1.4 Define keys (HO)
))
("C:\Program Files\MiKTeX 2.9\tex\latex\oberdiek\kvoptions.sty"
Package: kvoptions 2016/05/16 v3.12 Key value format for package options (HO)

("C:\Program Files\MiKTeX 2.9\tex\generic\oberdiek\kvsetkeys.sty"
Package: kvsetkeys 2016/05/16 v1.17 Key value parser (HO)

("C:\Program Files\MiKTeX 2.9\tex\generic\oberdiek\etexcmds.sty"
Package: etexcmds 2016/05/16 v1.6 Avoid name clashes with e-TeX commands (HO)
Package etexcmds Info: Could not find \expanded.
(etexcmds)             That can mean that you are not using pdfTeX 1.50 or
(etexcmds)             that some package has redefined \expanded.
(etexcmds)             In the latter case, load this package earlier.
)))
Package epstopdf-base Info: Redefining graphics rule for `.eps' on input line 4
38.
Package grfext Info: Graphics extension search list:
(grfext)             [.png,.pdf,.jpg,.mps,.jpeg,.jbig2,.jb2,.PNG,.PDF,.JPG,.JPE
G,.JBIG2,.JB2,.eps]
(grfext)             \AppendGraphicsExtensions on input line 456.
)
\c@lstlisting=\count115

<Course-name.pdf, id=1, 714.10619pt x 150.41585pt>
File: Course-name.pdf Graphic file (type pdf)
 <use Course-name.pdf>
Package pdftex.def Info: Course-name.pdf used on input line 22.
(pdftex.def)             Requested size: 214.2335pt x 45.12509pt.

Underfull \hbox (badness 10000) in paragraph at lines 29--30

 []

LaTeX Font Info:    Try loading font information for U+msa on input line 31.
("C:\Program Files\MiKTeX 2.9\tex\latex\amsfonts\umsa.fd"
File: umsa.fd 2013/01/14 v3.01 AMS symbols A
)
LaTeX Font Info:    Try loading font information for U+msb on input line 31.

("C:\Program Files\MiKTeX 2.9\tex\latex\amsfonts\umsb.fd"
File: umsb.fd 2013/01/14 v3.01 AMS symbols B
)
LaTeX Font Info:    Try loading font information for T1+cmtt on input line 31.

("C:\Program Files\MiKTeX 2.9\tex\latex\base\t1cmtt.fd"
File: t1cmtt.fd 2014/09/29 v2.5h Standard LaTeX font definitions
)
Underfull \hbox (badness 10000) in paragraph at lines 31--32

 []


Underfull \hbox (badness 10000) in paragraph at lines 42--43

 []

<Figures/blocks_ex.pdf, id=2, 250.3738pt x 124.74765pt>
File: Figures/blocks_ex.pdf Graphic file (type pdf)

<use Figures/blocks_ex.pdf>
Package pdftex.def Info: Figures/blocks_ex.pdf used on input line 59.
(pdftex.def)             Requested size: 360.0pt x 179.38899pt.

Underfull \hbox (badness 10000) in paragraph at lines 65--66

 []

[1

{C:/ProgramData/MiKTeX/2.9/pdftex/config/pdftex.map} <./Course-name.pdf>]
Underfull \hbox (badness 10000) in paragraph at lines 90--91

 []

[2 <./Figures/blocks_ex.pdf>] [3] (TI0118_HW2_assignment.aux) ) 
Here is how much of TeX's memory you used:
 4425 strings out of 493323
 59585 string characters out of 3139067
 164854 words of memory out of 3000000
 7883 multiletter control sequences out of 15000+200000
 12626 words of font info for 40 fonts, out of 3000000 for 9000
 1141 hyphenation exceptions out of 8191
 39i,20n,40p,440b,275s stack positions out of 5000i,500n,10000p,200000b,50000s
 <C:\Users\cidsa
\AppData\Local\MiKTeX\2.9\fonts\pk\ljfour\jknappen\ec\dpi600\ecbx1095.pk> <C:\U
sers\cidsa\AppData\Local\MiKTeX\2.9\fonts\pk\ljfour\jknappen\ec\dpi600\ectt1095
.pk> <C:\Users\cidsa\AppData\Local\MiKTeX\2.9\fonts\pk\ljfour\jknappen\ec\dpi60
0\ecrm1095.pk> <C:\Users\cidsa\AppData\Local\MiKTeX\2.9\fonts\pk\ljfour\jknappe
n\ec\dpi600\ecbx1440.pk><C:/Program Files/MiKTeX 2.9/fonts/type1/public/amsfont
s/cm/cmbx10.pfb><C:/Program Files/MiKTeX 2.9/fonts/type1/public/amsfonts/cm/cme
x10.pfb><C:/Program Files/MiKTeX 2.9/fonts/type1/public/amsfonts/cm/cmmi10.pfb>
<C:/Program Files/MiKTeX 2.9/fonts/type1/public/amsfonts/cm/cmmi8.pfb><C:/Progr
am Files/MiKTeX 2.9/fonts/type1/public/amsfonts/cm/cmr10.pfb><C:/Program Files/
MiKTeX 2.9/fonts/type1/public/amsfonts/cm/cmr8.pfb><C:/Program Files/MiKTeX 2.9
/fonts/type1/public/amsfonts/cm/cmsy10.pfb>
Output written on TI0118_HW2_assignment.pdf (3 pages, 250949 bytes).
PDF statistics:
 252 PDF objects out of 1000 (max. 8388607)
 0 named destinations out of 1000 (max. 500000)
 11 words of extra memory for PDF output out of 10000 (max. 10000000)

